{"C:\\Users\\mathe\\Desktop\\Projects\\backend\\shortcut-url\\setupFiles.ts": {"path":"C:\\Users\\mathe\\Desktop\\Projects\\backend\\shortcut-url\\setupFiles.ts","all":true,"statementMap":{"0":{"start":{"line":1,"column":0},"end":{"line":1,"column":33}},"1":{"start":{"line":2,"column":0},"end":{"line":2,"column":40}},"3":{"start":{"line":4,"column":0},"end":{"line":4,"column":16}},"4":{"start":{"line":5,"column":0},"end":{"line":5,"column":69}},"7":{"start":{"line":8,"column":0},"end":{"line":8,"column":68}},"8":{"start":{"line":9,"column":0},"end":{"line":9,"column":2}}},"s":{"0":0,"1":0,"3":0,"4":0,"7":0,"8":0},"branchMap":{"0":{"type":"branch","line":1,"loc":{"start":{"line":1,"column":0},"end":{"line":9,"column":-113}},"locations":[{"start":{"line":1,"column":0},"end":{"line":9,"column":-113}}]}},"b":{"0":[0]},"fnMap":{"0":{"name":"(empty-report)","decl":{"start":{"line":1,"column":0},"end":{"line":9,"column":-113}},"loc":{"start":{"line":1,"column":0},"end":{"line":9,"column":-113}},"line":1}},"f":{"0":0}}
,"C:\\Users\\mathe\\Desktop\\Projects\\backend\\shortcut-url\\src\\app.ts": {"path":"C:\\Users\\mathe\\Desktop\\Projects\\backend\\shortcut-url\\src\\app.ts","all":true,"statementMap":{"0":{"start":{"line":1,"column":0},"end":{"line":1,"column":29}},"1":{"start":{"line":2,"column":0},"end":{"line":2,"column":41}},"3":{"start":{"line":4,"column":0},"end":{"line":4,"column":28}},"5":{"start":{"line":6,"column":0},"end":{"line":6,"column":14}}},"s":{"0":0,"1":0,"3":0,"5":0},"branchMap":{"0":{"type":"branch","line":1,"loc":{"start":{"line":1,"column":122},"end":{"line":6,"column":14}},"locations":[{"start":{"line":1,"column":122},"end":{"line":6,"column":14}}]}},"b":{"0":[0]},"fnMap":{"0":{"name":"(empty-report)","decl":{"start":{"line":1,"column":122},"end":{"line":6,"column":14}},"loc":{"start":{"line":1,"column":122},"end":{"line":6,"column":14}},"line":1}},"f":{"0":0}}
,"C:\\Users\\mathe\\Desktop\\Projects\\backend\\shortcut-url\\src\\server.ts": {"path":"C:\\Users\\mathe\\Desktop\\Projects\\backend\\shortcut-url\\src\\server.ts","all":true,"statementMap":{"0":{"start":{"line":1,"column":0},"end":{"line":1,"column":27}},"2":{"start":{"line":3,"column":0},"end":{"line":3,"column":46}},"3":{"start":{"line":4,"column":0},"end":{"line":4,"column":12}},"4":{"start":{"line":5,"column":0},"end":{"line":5,"column":22}},"5":{"start":{"line":6,"column":0},"end":{"line":6,"column":19}},"6":{"start":{"line":7,"column":0},"end":{"line":7,"column":3}},"7":{"start":{"line":8,"column":0},"end":{"line":8,"column":50}},"8":{"start":{"line":9,"column":0},"end":{"line":9,"column":2}}},"s":{"0":0,"2":0,"3":0,"4":0,"5":0,"6":0,"7":0,"8":0},"branchMap":{"0":{"type":"branch","line":1,"loc":{"start":{"line":1,"column":0},"end":{"line":9,"column":-84}},"locations":[{"start":{"line":1,"column":0},"end":{"line":9,"column":-84}}]}},"b":{"0":[0]},"fnMap":{"0":{"name":"(empty-report)","decl":{"start":{"line":1,"column":0},"end":{"line":9,"column":-84}},"loc":{"start":{"line":1,"column":0},"end":{"line":9,"column":-84}},"line":1}},"f":{"0":0}}
,"C:\\Users\\mathe\\Desktop\\Projects\\backend\\shortcut-url\\src\\env\\index.ts": {"path":"C:\\Users\\mathe\\Desktop\\Projects\\backend\\shortcut-url\\src\\env\\index.ts","all":false,"statementMap":{"0":{"start":{"line":1,"column":0},"end":{"line":1,"column":31}},"1":{"start":{"line":2,"column":0},"end":{"line":2,"column":23}},"3":{"start":{"line":4,"column":0},"end":{"line":4,"column":38}},"4":{"start":{"line":5,"column":0},"end":{"line":5,"column":47}},"5":{"start":{"line":6,"column":0},"end":{"line":6,"column":8}},"6":{"start":{"line":7,"column":0},"end":{"line":7,"column":10}},"7":{"start":{"line":8,"column":0},"end":{"line":8,"column":1}},"9":{"start":{"line":10,"column":0},"end":{"line":10,"column":28}},"10":{"start":{"line":11,"column":0},"end":{"line":11,"column":27}},"11":{"start":{"line":12,"column":0},"end":{"line":12,"column":21}},"12":{"start":{"line":13,"column":0},"end":{"line":13,"column":2}},"14":{"start":{"line":15,"column":0},"end":{"line":15,"column":48}}},"s":{"0":1,"1":1,"3":1,"4":1,"5":0,"6":0,"7":0,"9":1,"10":1,"11":1,"12":1,"14":1},"branchMap":{"0":{"type":"branch","line":6,"loc":{"start":{"line":6,"column":0},"end":{"line":8,"column":1}},"locations":[{"start":{"line":6,"column":0},"end":{"line":8,"column":1}}]}},"b":{"0":[0]},"fnMap":{},"f":{}}
,"C:\\Users\\mathe\\Desktop\\Projects\\backend\\shortcut-url\\src\\helpers\\tests\\utils\\reset-database.ts": {"path":"C:\\Users\\mathe\\Desktop\\Projects\\backend\\shortcut-url\\src\\helpers\\tests\\utils\\reset-database.ts","all":true,"statementMap":{"0":{"start":{"line":1,"column":0},"end":{"line":1,"column":44}},"2":{"start":{"line":3,"column":0},"end":{"line":3,"column":42}},"4":{"start":{"line":5,"column":0},"end":{"line":5,"column":70}},"10":{"start":{"line":11,"column":0},"end":{"line":11,"column":69}},"12":{"start":{"line":13,"column":0},"end":{"line":13,"column":30}},"13":{"start":{"line":14,"column":0},"end":{"line":14,"column":36}},"14":{"start":{"line":15,"column":0},"end":{"line":15,"column":60}},"15":{"start":{"line":16,"column":0},"end":{"line":16,"column":6}},"16":{"start":{"line":17,"column":0},"end":{"line":17,"column":3}},"17":{"start":{"line":18,"column":0},"end":{"line":18,"column":1}}},"s":{"0":0,"2":0,"4":0,"10":0,"12":0,"13":0,"14":0,"15":0,"16":0,"17":0},"branchMap":{"0":{"type":"branch","line":1,"loc":{"start":{"line":1,"column":511},"end":{"line":18,"column":1}},"locations":[{"start":{"line":1,"column":511},"end":{"line":18,"column":1}}]}},"b":{"0":[0]},"fnMap":{"0":{"name":"(empty-report)","decl":{"start":{"line":1,"column":511},"end":{"line":18,"column":1}},"loc":{"start":{"line":1,"column":511},"end":{"line":18,"column":1}},"line":1}},"f":{"0":0}}
,"C:\\Users\\mathe\\Desktop\\Projects\\backend\\shortcut-url\\src\\http\\routes.ts": {"path":"C:\\Users\\mathe\\Desktop\\Projects\\backend\\shortcut-url\\src\\http\\routes.ts","all":true,"statementMap":{"1":{"start":{"line":2,"column":0},"end":{"line":2,"column":62}},"2":{"start":{"line":3,"column":0},"end":{"line":3,"column":67}},"4":{"start":{"line":5,"column":0},"end":{"line":5,"column":55}},"5":{"start":{"line":6,"column":0},"end":{"line":6,"column":36}},"6":{"start":{"line":7,"column":0},"end":{"line":7,"column":42}},"7":{"start":{"line":8,"column":0},"end":{"line":8,"column":1}}},"s":{"1":0,"2":0,"4":0,"5":0,"6":0,"7":0},"branchMap":{"0":{"type":"branch","line":1,"loc":{"start":{"line":1,"column":318},"end":{"line":8,"column":1}},"locations":[{"start":{"line":1,"column":318},"end":{"line":8,"column":1}}]}},"b":{"0":[1]},"fnMap":{"0":{"name":"(empty-report)","decl":{"start":{"line":1,"column":318},"end":{"line":8,"column":1}},"loc":{"start":{"line":1,"column":318},"end":{"line":8,"column":1}},"line":1}},"f":{"0":1}}
,"C:\\Users\\mathe\\Desktop\\Projects\\backend\\shortcut-url\\src\\http\\controllers\\redirect-short-url.ts": {"path":"C:\\Users\\mathe\\Desktop\\Projects\\backend\\shortcut-url\\src\\http\\controllers\\redirect-short-url.ts","all":false,"statementMap":{"3":{"start":{"line":4,"column":0},"end":{"line":4,"column":85}},"4":{"start":{"line":5,"column":0},"end":{"line":5,"column":96}},"5":{"start":{"line":6,"column":0},"end":{"line":6,"column":106}},"6":{"start":{"line":7,"column":0},"end":{"line":7,"column":76}},"7":{"start":{"line":8,"column":0},"end":{"line":8,"column":110}},"9":{"start":{"line":10,"column":0},"end":{"line":10,"column":86}},"10":{"start":{"line":11,"column":0},"end":{"line":11,"column":68}},"12":{"start":{"line":13,"column":0},"end":{"line":13,"column":7}},"13":{"start":{"line":14,"column":0},"end":{"line":14,"column":51}},"14":{"start":{"line":15,"column":0},"end":{"line":15,"column":61}},"15":{"start":{"line":16,"column":0},"end":{"line":16,"column":82}},"16":{"start":{"line":17,"column":0},"end":{"line":17,"column":25}},"17":{"start":{"line":18,"column":0},"end":{"line":18,"column":19}},"18":{"start":{"line":19,"column":0},"end":{"line":19,"column":5}},"19":{"start":{"line":20,"column":0},"end":{"line":20,"column":86}},"20":{"start":{"line":21,"column":0},"end":{"line":21,"column":24}},"21":{"start":{"line":22,"column":0},"end":{"line":22,"column":5}},"23":{"start":{"line":24,"column":0},"end":{"line":24,"column":81}},"24":{"start":{"line":25,"column":0},"end":{"line":25,"column":63}},"26":{"start":{"line":27,"column":0},"end":{"line":27,"column":54}},"27":{"start":{"line":28,"column":0},"end":{"line":28,"column":17}},"28":{"start":{"line":29,"column":0},"end":{"line":29,"column":30}},"29":{"start":{"line":30,"column":0},"end":{"line":30,"column":61}},"30":{"start":{"line":31,"column":0},"end":{"line":31,"column":3}},"31":{"start":{"line":32,"column":0},"end":{"line":32,"column":1}}},"s":{"3":1,"4":1,"5":1,"6":1,"7":1,"9":3,"10":3,"12":3,"13":3,"14":3,"15":3,"16":3,"17":3,"18":3,"19":3,"20":3,"21":3,"23":3,"24":1,"26":1,"27":3,"28":2,"29":2,"30":2,"31":3},"branchMap":{"0":{"type":"branch","line":10,"loc":{"start":{"line":10,"column":0},"end":{"line":32,"column":1}},"locations":[{"start":{"line":10,"column":0},"end":{"line":32,"column":1}}]},"1":{"type":"branch","line":24,"loc":{"start":{"line":24,"column":80},"end":{"line":28,"column":11}},"locations":[{"start":{"line":24,"column":80},"end":{"line":28,"column":11}}]},"2":{"type":"branch","line":28,"loc":{"start":{"line":28,"column":2},"end":{"line":31,"column":3}},"locations":[{"start":{"line":28,"column":2},"end":{"line":31,"column":3}}]}},"b":{"0":[3],"1":[1],"2":[2]},"fnMap":{"0":{"name":"redirectShortUrl","decl":{"start":{"line":10,"column":0},"end":{"line":32,"column":1}},"loc":{"start":{"line":10,"column":0},"end":{"line":32,"column":1}},"line":10}},"f":{"0":3}}
,"C:\\Users\\mathe\\Desktop\\Projects\\backend\\shortcut-url\\src\\http\\controllers\\shortcut-url-encoder.ts": {"path":"C:\\Users\\mathe\\Desktop\\Projects\\backend\\shortcut-url\\src\\http\\controllers\\shortcut-url-encoder.ts","all":false,"statementMap":{"1":{"start":{"line":2,"column":0},"end":{"line":2,"column":81}},"2":{"start":{"line":3,"column":0},"end":{"line":3,"column":85}},"3":{"start":{"line":4,"column":0},"end":{"line":4,"column":76}},"4":{"start":{"line":5,"column":0},"end":{"line":5,"column":96}},"5":{"start":{"line":6,"column":0},"end":{"line":6,"column":61}},"7":{"start":{"line":8,"column":0},"end":{"line":8,"column":79}},"8":{"start":{"line":9,"column":0},"end":{"line":9,"column":53}},"10":{"start":{"line":11,"column":0},"end":{"line":11,"column":59}},"11":{"start":{"line":12,"column":0},"end":{"line":12,"column":62}},"12":{"start":{"line":13,"column":0},"end":{"line":13,"column":30}},"13":{"start":{"line":14,"column":0},"end":{"line":14,"column":34}},"14":{"start":{"line":15,"column":0},"end":{"line":15,"column":3}},"16":{"start":{"line":17,"column":0},"end":{"line":17,"column":7}},"17":{"start":{"line":18,"column":0},"end":{"line":18,"column":57}},"19":{"start":{"line":20,"column":0},"end":{"line":20,"column":39}},"21":{"start":{"line":22,"column":0},"end":{"line":22,"column":66}},"22":{"start":{"line":23,"column":0},"end":{"line":23,"column":10}},"23":{"start":{"line":24,"column":0},"end":{"line":24,"column":16}},"24":{"start":{"line":25,"column":0},"end":{"line":25,"column":6}},"26":{"start":{"line":27,"column":0},"end":{"line":27,"column":42}},"27":{"start":{"line":28,"column":0},"end":{"line":28,"column":17}},"28":{"start":{"line":29,"column":0},"end":{"line":29,"column":30}},"29":{"start":{"line":30,"column":0},"end":{"line":30,"column":61}},"30":{"start":{"line":31,"column":0},"end":{"line":31,"column":3}},"31":{"start":{"line":32,"column":0},"end":{"line":32,"column":1}}},"s":{"1":1,"2":1,"3":1,"4":1,"5":1,"7":3,"8":3,"10":3,"11":3,"12":3,"13":3,"14":3,"16":3,"17":3,"19":3,"21":3,"22":3,"23":3,"24":3,"26":1,"27":1,"28":1,"29":1,"30":1,"31":3},"branchMap":{"0":{"type":"branch","line":8,"loc":{"start":{"line":8,"column":0},"end":{"line":32,"column":1}},"locations":[{"start":{"line":8,"column":0},"end":{"line":32,"column":1}}]},"1":{"type":"branch","line":25,"loc":{"start":{"line":25,"column":5},"end":{"line":31,"column":3}},"locations":[{"start":{"line":25,"column":5},"end":{"line":31,"column":3}}]}},"b":{"0":[3],"1":[1]},"fnMap":{"0":{"name":"encodeUrl","decl":{"start":{"line":8,"column":0},"end":{"line":32,"column":1}},"loc":{"start":{"line":8,"column":0},"end":{"line":32,"column":1}},"line":8}},"f":{"0":3}}
,"C:\\Users\\mathe\\Desktop\\Projects\\backend\\shortcut-url\\src\\http\\controllers\\schemas\\encode-url-schema.ts": {"path":"C:\\Users\\mathe\\Desktop\\Projects\\backend\\shortcut-url\\src\\http\\controllers\\schemas\\encode-url-schema.ts","all":false,"statementMap":{"0":{"start":{"line":1,"column":0},"end":{"line":1,"column":19}},"2":{"start":{"line":3,"column":0},"end":{"line":3,"column":41}},"3":{"start":{"line":4,"column":0},"end":{"line":4,"column":35}},"4":{"start":{"line":5,"column":0},"end":{"line":5,"column":9}},"5":{"start":{"line":6,"column":0},"end":{"line":6,"column":18}},"6":{"start":{"line":7,"column":0},"end":{"line":7,"column":17}},"7":{"start":{"line":8,"column":0},"end":{"line":8,"column":21}},"8":{"start":{"line":9,"column":0},"end":{"line":9,"column":18}},"9":{"start":{"line":10,"column":0},"end":{"line":10,"column":5}},"10":{"start":{"line":11,"column":0},"end":{"line":11,"column":5}},"11":{"start":{"line":12,"column":0},"end":{"line":12,"column":2}}},"s":{"0":1,"2":1,"3":1,"4":3,"5":3,"6":3,"7":3,"8":1,"9":1,"10":1,"11":1},"branchMap":{"0":{"type":"branch","line":4,"loc":{"start":{"line":4,"column":25},"end":{"line":11,"column":3}},"locations":[{"start":{"line":4,"column":25},"end":{"line":11,"column":3}}]},"1":{"type":"branch","line":8,"loc":{"start":{"line":8,"column":4},"end":{"line":10,"column":5}},"locations":[{"start":{"line":8,"column":4},"end":{"line":10,"column":5}}]}},"b":{"0":[3],"1":[1]},"fnMap":{},"f":{}}
,"C:\\Users\\mathe\\Desktop\\Projects\\backend\\shortcut-url\\src\\http\\controllers\\schemas\\redirect-short-url-schema.ts": {"path":"C:\\Users\\mathe\\Desktop\\Projects\\backend\\shortcut-url\\src\\http\\controllers\\schemas\\redirect-short-url-schema.ts","all":false,"statementMap":{"0":{"start":{"line":1,"column":0},"end":{"line":1,"column":19}},"2":{"start":{"line":3,"column":0},"end":{"line":3,"column":48}},"3":{"start":{"line":4,"column":0},"end":{"line":4,"column":24}},"4":{"start":{"line":5,"column":0},"end":{"line":5,"column":2}}},"s":{"0":1,"2":1,"3":1,"4":1},"branchMap":{},"b":{},"fnMap":{},"f":{}}
,"C:\\Users\\mathe\\Desktop\\Projects\\backend\\shortcut-url\\src\\lib\\prisma\\index.ts": {"path":"C:\\Users\\mathe\\Desktop\\Projects\\backend\\shortcut-url\\src\\lib\\prisma\\index.ts","all":false,"statementMap":{"0":{"start":{"line":1,"column":0},"end":{"line":1,"column":45}},"2":{"start":{"line":3,"column":0},"end":{"line":3,"column":40}},"3":{"start":{"line":4,"column":0},"end":{"line":4,"column":33}},"4":{"start":{"line":5,"column":0},"end":{"line":5,"column":2}}},"s":{"0":1,"2":1,"3":1,"4":1},"branchMap":{},"b":{},"fnMap":{},"f":{}}
,"C:\\Users\\mathe\\Desktop\\Projects\\backend\\shortcut-url\\src\\repositories\\short-url-repository.ts": {"path":"C:\\Users\\mathe\\Desktop\\Projects\\backend\\shortcut-url\\src\\repositories\\short-url-repository.ts","all":true,"statementMap":{},"s":{},"branchMap":{"0":{"type":"branch","line":1,"loc":{"start":{"line":1,"column":295},"end":{"line":7,"column":1}},"locations":[{"start":{"line":1,"column":295},"end":{"line":7,"column":1}}]}},"b":{"0":[1]},"fnMap":{"0":{"name":"(empty-report)","decl":{"start":{"line":1,"column":295},"end":{"line":7,"column":1}},"loc":{"start":{"line":1,"column":295},"end":{"line":7,"column":1}},"line":1}},"f":{"0":1}}
,"C:\\Users\\mathe\\Desktop\\Projects\\backend\\shortcut-url\\src\\repositories\\url-repository.ts": {"path":"C:\\Users\\mathe\\Desktop\\Projects\\backend\\shortcut-url\\src\\repositories\\url-repository.ts","all":true,"statementMap":{},"s":{},"branchMap":{"0":{"type":"branch","line":1,"loc":{"start":{"line":1,"column":243},"end":{"line":7,"column":1}},"locations":[{"start":{"line":1,"column":243},"end":{"line":7,"column":1}}]}},"b":{"0":[1]},"fnMap":{"0":{"name":"(empty-report)","decl":{"start":{"line":1,"column":243},"end":{"line":7,"column":1}},"loc":{"start":{"line":1,"column":243},"end":{"line":7,"column":1}},"line":1}},"f":{"0":1}}
,"C:\\Users\\mathe\\Desktop\\Projects\\backend\\shortcut-url\\src\\repositories\\in-memory\\short-url-prisma-in-memory-repository.ts": {"path":"C:\\Users\\mathe\\Desktop\\Projects\\backend\\shortcut-url\\src\\repositories\\in-memory\\short-url-prisma-in-memory-repository.ts","all":false,"statementMap":{"2":{"start":{"line":3,"column":0},"end":{"line":3,"column":90}},"4":{"start":{"line":5,"column":0},"end":{"line":5,"column":71}},"5":{"start":{"line":6,"column":0},"end":{"line":6,"column":36}},"7":{"start":{"line":8,"column":0},"end":{"line":8,"column":73}},"8":{"start":{"line":9,"column":0},"end":{"line":9,"column":35}},"9":{"start":{"line":10,"column":0},"end":{"line":10,"column":30}},"10":{"start":{"line":11,"column":0},"end":{"line":11,"column":16}},"11":{"start":{"line":12,"column":0},"end":{"line":12,"column":28}},"12":{"start":{"line":13,"column":0},"end":{"line":13,"column":44}},"13":{"start":{"line":14,"column":0},"end":{"line":14,"column":36}},"14":{"start":{"line":15,"column":0},"end":{"line":15,"column":44}},"15":{"start":{"line":16,"column":0},"end":{"line":16,"column":5}},"17":{"start":{"line":18,"column":0},"end":{"line":18,"column":36}},"19":{"start":{"line":20,"column":0},"end":{"line":20,"column":22}},"20":{"start":{"line":21,"column":0},"end":{"line":21,"column":3}},"22":{"start":{"line":23,"column":0},"end":{"line":23,"column":70}},"23":{"start":{"line":24,"column":0},"end":{"line":24,"column":93}},"25":{"start":{"line":26,"column":0},"end":{"line":26,"column":25}},"26":{"start":{"line":27,"column":0},"end":{"line":27,"column":17}},"27":{"start":{"line":28,"column":0},"end":{"line":28,"column":5}},"29":{"start":{"line":30,"column":0},"end":{"line":30,"column":24}},"30":{"start":{"line":31,"column":0},"end":{"line":31,"column":3}},"32":{"start":{"line":33,"column":0},"end":{"line":33,"column":76}},"33":{"start":{"line":34,"column":0},"end":{"line":34,"column":74}},"35":{"start":{"line":36,"column":0},"end":{"line":36,"column":20}},"36":{"start":{"line":37,"column":0},"end":{"line":37,"column":40}},"37":{"start":{"line":38,"column":0},"end":{"line":38,"column":5}},"39":{"start":{"line":40,"column":0},"end":{"line":40,"column":24}},"40":{"start":{"line":41,"column":0},"end":{"line":41,"column":3}},"41":{"start":{"line":42,"column":0},"end":{"line":42,"column":1}}},"s":{"2":1,"4":1,"5":11,"7":11,"8":11,"9":11,"10":11,"11":11,"12":11,"13":11,"14":11,"15":11,"17":11,"19":11,"20":11,"22":11,"23":8,"25":8,"26":2,"27":2,"29":6,"30":8,"32":11,"33":2,"35":2,"36":1,"37":1,"39":1,"40":2,"41":11},"branchMap":{"0":{"type":"branch","line":5,"loc":{"start":{"line":5,"column":70},"end":{"line":42,"column":1}},"locations":[{"start":{"line":5,"column":70},"end":{"line":42,"column":1}}]},"1":{"type":"branch","line":8,"loc":{"start":{"line":8,"column":2},"end":{"line":21,"column":3}},"locations":[{"start":{"line":8,"column":2},"end":{"line":21,"column":3}}]},"2":{"type":"branch","line":15,"loc":{"start":{"line":15,"column":35},"end":{"line":15,"column":44}},"locations":[{"start":{"line":15,"column":35},"end":{"line":15,"column":44}}]},"3":{"type":"branch","line":23,"loc":{"start":{"line":23,"column":2},"end":{"line":31,"column":3}},"locations":[{"start":{"line":23,"column":2},"end":{"line":31,"column":3}}]},"4":{"type":"branch","line":26,"loc":{"start":{"line":26,"column":24},"end":{"line":28,"column":5}},"locations":[{"start":{"line":26,"column":24},"end":{"line":28,"column":5}}]},"5":{"type":"branch","line":28,"loc":{"start":{"line":28,"column":4},"end":{"line":30,"column":24}},"locations":[{"start":{"line":28,"column":4},"end":{"line":30,"column":24}}]},"6":{"type":"branch","line":24,"loc":{"start":{"line":24,"column":46},"end":{"line":24,"column":92}},"locations":[{"start":{"line":24,"column":46},"end":{"line":24,"column":92}}]},"7":{"type":"branch","line":33,"loc":{"start":{"line":33,"column":2},"end":{"line":41,"column":3}},"locations":[{"start":{"line":33,"column":2},"end":{"line":41,"column":3}}]},"8":{"type":"branch","line":36,"loc":{"start":{"line":36,"column":19},"end":{"line":40,"column":24}},"locations":[{"start":{"line":36,"column":19},"end":{"line":40,"column":24}}]},"9":{"type":"branch","line":34,"loc":{"start":{"line":34,"column":41},"end":{"line":34,"column":73}},"locations":[{"start":{"line":34,"column":41},"end":{"line":34,"column":73}}]}},"b":{"0":[11],"1":[11],"2":[0],"3":[8],"4":[2],"5":[6],"6":[9],"7":[2],"8":[1],"9":[1]},"fnMap":{"0":{"name":"<instance_members_initializer>","decl":{"start":{"line":5,"column":70},"end":{"line":42,"column":1}},"loc":{"start":{"line":5,"column":70},"end":{"line":42,"column":1}},"line":5},"1":{"name":"create","decl":{"start":{"line":8,"column":2},"end":{"line":21,"column":3}},"loc":{"start":{"line":8,"column":2},"end":{"line":21,"column":3}},"line":8},"2":{"name":"findByShortCode","decl":{"start":{"line":23,"column":2},"end":{"line":31,"column":3}},"loc":{"start":{"line":23,"column":2},"end":{"line":31,"column":3}},"line":23},"3":{"name":"addClickToShortUrlByShortUrlCode","decl":{"start":{"line":33,"column":2},"end":{"line":41,"column":3}},"loc":{"start":{"line":33,"column":2},"end":{"line":41,"column":3}},"line":33}},"f":{"0":11,"1":11,"2":8,"3":2}}
,"C:\\Users\\mathe\\Desktop\\Projects\\backend\\shortcut-url\\src\\repositories\\in-memory\\url-in-memory-repository.ts": {"path":"C:\\Users\\mathe\\Desktop\\Projects\\backend\\shortcut-url\\src\\repositories\\in-memory\\url-in-memory-repository.ts","all":false,"statementMap":{"3":{"start":{"line":4,"column":0},"end":{"line":4,"column":61}},"4":{"start":{"line":5,"column":0},"end":{"line":5,"column":26}},"6":{"start":{"line":7,"column":0},"end":{"line":7,"column":62}},"7":{"start":{"line":8,"column":0},"end":{"line":8,"column":84}},"8":{"start":{"line":9,"column":0},"end":{"line":9,"column":26}},"10":{"start":{"line":11,"column":0},"end":{"line":11,"column":17}},"11":{"start":{"line":12,"column":0},"end":{"line":12,"column":3}},"13":{"start":{"line":14,"column":0},"end":{"line":14,"column":63}},"14":{"start":{"line":15,"column":0},"end":{"line":15,"column":71}},"16":{"start":{"line":17,"column":0},"end":{"line":17,"column":20}},"17":{"start":{"line":18,"column":0},"end":{"line":18,"column":17}},"18":{"start":{"line":19,"column":0},"end":{"line":19,"column":5}},"20":{"start":{"line":21,"column":0},"end":{"line":21,"column":19}},"21":{"start":{"line":22,"column":0},"end":{"line":22,"column":3}},"23":{"start":{"line":24,"column":0},"end":{"line":24,"column":53}},"24":{"start":{"line":25,"column":0},"end":{"line":25,"column":59}},"26":{"start":{"line":27,"column":0},"end":{"line":27,"column":20}},"27":{"start":{"line":28,"column":0},"end":{"line":28,"column":17}},"28":{"start":{"line":29,"column":0},"end":{"line":29,"column":5}},"30":{"start":{"line":31,"column":0},"end":{"line":31,"column":19}},"31":{"start":{"line":32,"column":0},"end":{"line":32,"column":3}},"32":{"start":{"line":33,"column":0},"end":{"line":33,"column":1}}},"s":{"3":1,"4":10,"6":10,"7":10,"8":10,"10":10,"11":10,"13":10,"14":12,"16":12,"17":10,"18":10,"20":2,"21":12,"23":10,"24":4,"26":4,"27":1,"28":1,"30":3,"31":4,"32":10},"branchMap":{"0":{"type":"branch","line":4,"loc":{"start":{"line":4,"column":60},"end":{"line":33,"column":1}},"locations":[{"start":{"line":4,"column":60},"end":{"line":33,"column":1}}]},"1":{"type":"branch","line":7,"loc":{"start":{"line":7,"column":2},"end":{"line":12,"column":3}},"locations":[{"start":{"line":7,"column":2},"end":{"line":12,"column":3}}]},"2":{"type":"branch","line":14,"loc":{"start":{"line":14,"column":2},"end":{"line":22,"column":3}},"locations":[{"start":{"line":14,"column":2},"end":{"line":22,"column":3}}]},"3":{"type":"branch","line":17,"loc":{"start":{"line":17,"column":19},"end":{"line":19,"column":5}},"locations":[{"start":{"line":17,"column":19},"end":{"line":19,"column":5}}]},"4":{"type":"branch","line":19,"loc":{"start":{"line":19,"column":4},"end":{"line":21,"column":19}},"locations":[{"start":{"line":19,"column":4},"end":{"line":21,"column":19}}]},"5":{"type":"branch","line":15,"loc":{"start":{"line":15,"column":36},"end":{"line":15,"column":70}},"locations":[{"start":{"line":15,"column":36},"end":{"line":15,"column":70}}]},"6":{"type":"branch","line":24,"loc":{"start":{"line":24,"column":2},"end":{"line":32,"column":3}},"locations":[{"start":{"line":24,"column":2},"end":{"line":32,"column":3}}]},"7":{"type":"branch","line":27,"loc":{"start":{"line":27,"column":19},"end":{"line":29,"column":5}},"locations":[{"start":{"line":27,"column":19},"end":{"line":29,"column":5}}]},"8":{"type":"branch","line":29,"loc":{"start":{"line":29,"column":4},"end":{"line":31,"column":19}},"locations":[{"start":{"line":29,"column":4},"end":{"line":31,"column":19}}]},"9":{"type":"branch","line":25,"loc":{"start":{"line":25,"column":36},"end":{"line":25,"column":58}},"locations":[{"start":{"line":25,"column":36},"end":{"line":25,"column":58}}]}},"b":{"0":[10],"1":[10],"2":[12],"3":[10],"4":[2],"5":[2],"6":[4],"7":[1],"8":[3],"9":[4]},"fnMap":{"0":{"name":"<instance_members_initializer>","decl":{"start":{"line":4,"column":60},"end":{"line":33,"column":1}},"loc":{"start":{"line":4,"column":60},"end":{"line":33,"column":1}},"line":4},"1":{"name":"createUrl","decl":{"start":{"line":7,"column":2},"end":{"line":12,"column":3}},"loc":{"start":{"line":7,"column":2},"end":{"line":12,"column":3}},"line":7},"2":{"name":"getUrlByOriginalUrl","decl":{"start":{"line":14,"column":2},"end":{"line":22,"column":3}},"loc":{"start":{"line":14,"column":2},"end":{"line":22,"column":3}},"line":14},"3":{"name":"getUrlById","decl":{"start":{"line":24,"column":2},"end":{"line":32,"column":3}},"loc":{"start":{"line":24,"column":2},"end":{"line":32,"column":3}},"line":24}},"f":{"0":10,"1":10,"2":12,"3":4}}
,"C:\\Users\\mathe\\Desktop\\Projects\\backend\\shortcut-url\\src\\repositories\\prisma\\short-url-prisma-repository.ts": {"path":"C:\\Users\\mathe\\Desktop\\Projects\\backend\\shortcut-url\\src\\repositories\\prisma\\short-url-prisma-repository.ts","all":false,"statementMap":{"2":{"start":{"line":3,"column":0},"end":{"line":3,"column":41}},"4":{"start":{"line":5,"column":0},"end":{"line":5,"column":69}},"5":{"start":{"line":6,"column":0},"end":{"line":6,"column":69}},"6":{"start":{"line":7,"column":0},"end":{"line":7,"column":51}},"7":{"start":{"line":8,"column":0},"end":{"line":8,"column":11}},"8":{"start":{"line":9,"column":0},"end":{"line":9,"column":6}},"9":{"start":{"line":10,"column":0},"end":{"line":10,"column":19}},"10":{"start":{"line":11,"column":0},"end":{"line":11,"column":3}},"12":{"start":{"line":13,"column":0},"end":{"line":13,"column":70}},"13":{"start":{"line":14,"column":0},"end":{"line":14,"column":55}},"14":{"start":{"line":15,"column":0},"end":{"line":15,"column":27}},"15":{"start":{"line":16,"column":0},"end":{"line":16,"column":6}},"16":{"start":{"line":17,"column":0},"end":{"line":17,"column":19}},"17":{"start":{"line":18,"column":0},"end":{"line":18,"column":3}},"19":{"start":{"line":20,"column":0},"end":{"line":20,"column":76}},"20":{"start":{"line":21,"column":0},"end":{"line":21,"column":34}},"21":{"start":{"line":22,"column":0},"end":{"line":22,"column":38}},"22":{"start":{"line":23,"column":0},"end":{"line":23,"column":13}},"23":{"start":{"line":24,"column":0},"end":{"line":24,"column":17}},"24":{"start":{"line":25,"column":0},"end":{"line":25,"column":23}},"25":{"start":{"line":26,"column":0},"end":{"line":26,"column":10}},"26":{"start":{"line":27,"column":0},"end":{"line":27,"column":8}},"27":{"start":{"line":28,"column":0},"end":{"line":28,"column":6}},"28":{"start":{"line":29,"column":0},"end":{"line":29,"column":3}},"29":{"start":{"line":30,"column":0},"end":{"line":30,"column":1}}},"s":{"2":1,"4":1,"5":1,"6":2,"7":2,"8":2,"9":2,"10":2,"12":1,"13":4,"14":4,"15":4,"16":4,"17":4,"19":1,"20":1,"21":1,"22":1,"23":1,"24":1,"25":1,"26":1,"27":1,"28":1,"29":1},"branchMap":{"0":{"type":"branch","line":6,"loc":{"start":{"line":6,"column":2},"end":{"line":11,"column":3}},"locations":[{"start":{"line":6,"column":2},"end":{"line":11,"column":3}}]},"1":{"type":"branch","line":13,"loc":{"start":{"line":13,"column":2},"end":{"line":18,"column":3}},"locations":[{"start":{"line":13,"column":2},"end":{"line":18,"column":3}}]},"2":{"type":"branch","line":20,"loc":{"start":{"line":20,"column":2},"end":{"line":29,"column":3}},"locations":[{"start":{"line":20,"column":2},"end":{"line":29,"column":3}}]}},"b":{"0":[2],"1":[4],"2":[1]},"fnMap":{"0":{"name":"create","decl":{"start":{"line":6,"column":2},"end":{"line":11,"column":3}},"loc":{"start":{"line":6,"column":2},"end":{"line":11,"column":3}},"line":6},"1":{"name":"findByShortCode","decl":{"start":{"line":13,"column":2},"end":{"line":18,"column":3}},"loc":{"start":{"line":13,"column":2},"end":{"line":18,"column":3}},"line":13},"2":{"name":"addClickToShortUrlByShortUrlCode","decl":{"start":{"line":20,"column":2},"end":{"line":29,"column":3}},"loc":{"start":{"line":20,"column":2},"end":{"line":29,"column":3}},"line":20}},"f":{"0":2,"1":4,"2":1}}
,"C:\\Users\\mathe\\Desktop\\Projects\\backend\\shortcut-url\\src\\repositories\\prisma\\url-prisma-repository.ts": {"path":"C:\\Users\\mathe\\Desktop\\Projects\\backend\\shortcut-url\\src\\repositories\\prisma\\url-prisma-repository.ts","all":false,"statementMap":{"1":{"start":{"line":2,"column":0},"end":{"line":2,"column":41}},"4":{"start":{"line":5,"column":0},"end":{"line":5,"column":59}},"5":{"start":{"line":6,"column":0},"end":{"line":6,"column":63}},"6":{"start":{"line":7,"column":0},"end":{"line":7,"column":34}},"7":{"start":{"line":8,"column":0},"end":{"line":8,"column":21}},"8":{"start":{"line":9,"column":0},"end":{"line":9,"column":6}},"9":{"start":{"line":10,"column":0},"end":{"line":10,"column":3}},"11":{"start":{"line":12,"column":0},"end":{"line":12,"column":43}},"12":{"start":{"line":13,"column":0},"end":{"line":13,"column":30}},"13":{"start":{"line":14,"column":0},"end":{"line":14,"column":13}},"14":{"start":{"line":15,"column":0},"end":{"line":15,"column":15}},"15":{"start":{"line":16,"column":0},"end":{"line":16,"column":8}},"16":{"start":{"line":17,"column":0},"end":{"line":17,"column":6}},"17":{"start":{"line":18,"column":0},"end":{"line":18,"column":3}},"19":{"start":{"line":20,"column":0},"end":{"line":20,"column":53}},"20":{"start":{"line":21,"column":0},"end":{"line":21,"column":34}},"21":{"start":{"line":22,"column":0},"end":{"line":22,"column":20}},"22":{"start":{"line":23,"column":0},"end":{"line":23,"column":6}},"23":{"start":{"line":24,"column":0},"end":{"line":24,"column":3}},"24":{"start":{"line":25,"column":0},"end":{"line":25,"column":1}}},"s":{"1":1,"4":1,"5":1,"6":2,"7":2,"8":2,"9":2,"11":1,"12":2,"13":2,"14":2,"15":2,"16":2,"17":2,"19":1,"20":1,"21":1,"22":1,"23":1,"24":1},"branchMap":{"0":{"type":"branch","line":6,"loc":{"start":{"line":6,"column":2},"end":{"line":10,"column":3}},"locations":[{"start":{"line":6,"column":2},"end":{"line":10,"column":3}}]},"1":{"type":"branch","line":12,"loc":{"start":{"line":12,"column":2},"end":{"line":18,"column":3}},"locations":[{"start":{"line":12,"column":2},"end":{"line":18,"column":3}}]},"2":{"type":"branch","line":20,"loc":{"start":{"line":20,"column":2},"end":{"line":24,"column":3}},"locations":[{"start":{"line":20,"column":2},"end":{"line":24,"column":3}}]}},"b":{"0":[2],"1":[2],"2":[1]},"fnMap":{"0":{"name":"getUrlByOriginalUrl","decl":{"start":{"line":6,"column":2},"end":{"line":10,"column":3}},"loc":{"start":{"line":6,"column":2},"end":{"line":10,"column":3}},"line":6},"1":{"name":"createUrl","decl":{"start":{"line":12,"column":2},"end":{"line":18,"column":3}},"loc":{"start":{"line":12,"column":2},"end":{"line":18,"column":3}},"line":12},"2":{"name":"getUrlById","decl":{"start":{"line":20,"column":2},"end":{"line":24,"column":3}},"loc":{"start":{"line":20,"column":2},"end":{"line":24,"column":3}},"line":20}},"f":{"0":2,"1":2,"2":1}}
,"C:\\Users\\mathe\\Desktop\\Projects\\backend\\shortcut-url\\src\\use-cases\\add-click-count-short-url-opened-use-case.ts": {"path":"C:\\Users\\mathe\\Desktop\\Projects\\backend\\shortcut-url\\src\\use-cases\\add-click-count-short-url-opened-use-case.ts","all":false,"statementMap":{"2":{"start":{"line":3,"column":0},"end":{"line":3,"column":49}},"3":{"start":{"line":4,"column":0},"end":{"line":4,"column":57}},"5":{"start":{"line":6,"column":0},"end":{"line":6,"column":55}},"6":{"start":{"line":7,"column":0},"end":{"line":7,"column":48}},"7":{"start":{"line":8,"column":0},"end":{"line":8,"column":3}},"9":{"start":{"line":10,"column":0},"end":{"line":10,"column":51}},"10":{"start":{"line":11,"column":0},"end":{"line":11,"column":77}},"11":{"start":{"line":12,"column":0},"end":{"line":12,"column":3}},"12":{"start":{"line":13,"column":0},"end":{"line":13,"column":1}}},"s":{"2":1,"3":5,"5":5,"6":5,"7":5,"9":5,"10":3,"11":3,"12":5},"branchMap":{"0":{"type":"branch","line":3,"loc":{"start":{"line":3,"column":48},"end":{"line":13,"column":1}},"locations":[{"start":{"line":3,"column":48},"end":{"line":13,"column":1}}]},"1":{"type":"branch","line":6,"loc":{"start":{"line":6,"column":2},"end":{"line":8,"column":3}},"locations":[{"start":{"line":6,"column":2},"end":{"line":8,"column":3}}]},"2":{"type":"branch","line":10,"loc":{"start":{"line":10,"column":2},"end":{"line":12,"column":3}},"locations":[{"start":{"line":10,"column":2},"end":{"line":12,"column":3}}]},"3":{"type":"branch","line":11,"loc":{"start":{"line":11,"column":76},"end":{"line":11,"column":77}},"locations":[{"start":{"line":11,"column":76},"end":{"line":11,"column":77}}]}},"b":{"0":[5],"1":[5],"2":[3],"3":[2]},"fnMap":{"0":{"name":"<instance_members_initializer>","decl":{"start":{"line":3,"column":48},"end":{"line":13,"column":1}},"loc":{"start":{"line":3,"column":48},"end":{"line":13,"column":1}},"line":3},"1":{"name":"AddClickCountShortUrlOpenedUseCase","decl":{"start":{"line":6,"column":2},"end":{"line":8,"column":3}},"loc":{"start":{"line":6,"column":2},"end":{"line":8,"column":3}},"line":6},"2":{"name":"execute","decl":{"start":{"line":10,"column":2},"end":{"line":12,"column":3}},"loc":{"start":{"line":10,"column":2},"end":{"line":12,"column":3}},"line":10}},"f":{"0":5,"1":5,"2":3}}
,"C:\\Users\\mathe\\Desktop\\Projects\\backend\\shortcut-url\\src\\use-cases\\create-short-url-use-case.ts": {"path":"C:\\Users\\mathe\\Desktop\\Projects\\backend\\shortcut-url\\src\\use-cases\\create-short-url-use-case.ts","all":false,"statementMap":{"0":{"start":{"line":1,"column":0},"end":{"line":1,"column":27}},"3":{"start":{"line":4,"column":0},"end":{"line":4,"column":36}},"4":{"start":{"line":5,"column":0},"end":{"line":5,"column":13}},"5":{"start":{"line":6,"column":0},"end":{"line":6,"column":59}},"7":{"start":{"line":8,"column":0},"end":{"line":8,"column":12}},"8":{"start":{"line":9,"column":0},"end":{"line":9,"column":16}},"9":{"start":{"line":10,"column":0},"end":{"line":10,"column":5}},"10":{"start":{"line":11,"column":0},"end":{"line":11,"column":3}},"11":{"start":{"line":12,"column":0},"end":{"line":12,"column":1}}},"s":{"0":1,"3":1,"4":1,"5":11,"7":11,"8":11,"9":11,"10":11,"11":1},"branchMap":{"0":{"type":"branch","line":5,"loc":{"start":{"line":5,"column":2},"end":{"line":11,"column":3}},"locations":[{"start":{"line":5,"column":2},"end":{"line":11,"column":3}}]}},"b":{"0":[11]},"fnMap":{"0":{"name":"execute","decl":{"start":{"line":5,"column":2},"end":{"line":11,"column":3}},"loc":{"start":{"line":5,"column":2},"end":{"line":11,"column":3}},"line":5}},"f":{"0":11}}
,"C:\\Users\\mathe\\Desktop\\Projects\\backend\\shortcut-url\\src\\use-cases\\create-url-encoded.ts": {"path":"C:\\Users\\mathe\\Desktop\\Projects\\backend\\shortcut-url\\src\\use-cases\\create-url-encoded.ts","all":false,"statementMap":{"3":{"start":{"line":4,"column":0},"end":{"line":4,"column":29}},"4":{"start":{"line":5,"column":0},"end":{"line":5,"column":86}},"15":{"start":{"line":16,"column":0},"end":{"line":16,"column":38}},"16":{"start":{"line":17,"column":0},"end":{"line":17,"column":47}},"17":{"start":{"line":18,"column":0},"end":{"line":18,"column":57}},"19":{"start":{"line":20,"column":0},"end":{"line":20,"column":85}},"20":{"start":{"line":21,"column":0},"end":{"line":21,"column":38}},"21":{"start":{"line":22,"column":0},"end":{"line":22,"column":48}},"22":{"start":{"line":23,"column":0},"end":{"line":23,"column":3}},"24":{"start":{"line":25,"column":0},"end":{"line":25,"column":17}},"25":{"start":{"line":26,"column":0},"end":{"line":26,"column":8}},"26":{"start":{"line":27,"column":0},"end":{"line":27,"column":14}},"27":{"start":{"line":28,"column":0},"end":{"line":28,"column":80}},"28":{"start":{"line":29,"column":0},"end":{"line":29,"column":71}},"30":{"start":{"line":31,"column":0},"end":{"line":31,"column":20}},"31":{"start":{"line":32,"column":0},"end":{"line":32,"column":85}},"33":{"start":{"line":34,"column":0},"end":{"line":34,"column":27}},"34":{"start":{"line":35,"column":0},"end":{"line":35,"column":47}},"35":{"start":{"line":36,"column":0},"end":{"line":36,"column":7}},"37":{"start":{"line":38,"column":0},"end":{"line":38,"column":68}},"38":{"start":{"line":39,"column":0},"end":{"line":39,"column":66}},"39":{"start":{"line":40,"column":0},"end":{"line":40,"column":18}},"40":{"start":{"line":41,"column":0},"end":{"line":41,"column":14}},"41":{"start":{"line":42,"column":0},"end":{"line":42,"column":20}},"42":{"start":{"line":43,"column":0},"end":{"line":43,"column":29}},"43":{"start":{"line":44,"column":0},"end":{"line":44,"column":12}},"44":{"start":{"line":45,"column":0},"end":{"line":45,"column":10}},"45":{"start":{"line":46,"column":0},"end":{"line":46,"column":8}},"47":{"start":{"line":48,"column":0},"end":{"line":48,"column":14}},"48":{"start":{"line":49,"column":0},"end":{"line":49,"column":66}},"49":{"start":{"line":50,"column":0},"end":{"line":50,"column":7}},"50":{"start":{"line":51,"column":0},"end":{"line":51,"column":5}},"52":{"start":{"line":53,"column":0},"end":{"line":53,"column":59}},"53":{"start":{"line":54,"column":0},"end":{"line":54,"column":10}},"54":{"start":{"line":55,"column":0},"end":{"line":55,"column":6}},"56":{"start":{"line":57,"column":0},"end":{"line":57,"column":66}},"57":{"start":{"line":58,"column":0},"end":{"line":58,"column":73}},"58":{"start":{"line":59,"column":0},"end":{"line":59,"column":16}},"59":{"start":{"line":60,"column":0},"end":{"line":60,"column":12}},"60":{"start":{"line":61,"column":0},"end":{"line":61,"column":18}},"61":{"start":{"line":62,"column":0},"end":{"line":62,"column":28}},"62":{"start":{"line":63,"column":0},"end":{"line":63,"column":10}},"63":{"start":{"line":64,"column":0},"end":{"line":64,"column":8}},"64":{"start":{"line":65,"column":0},"end":{"line":65,"column":6}},"66":{"start":{"line":67,"column":0},"end":{"line":67,"column":12}},"67":{"start":{"line":68,"column":0},"end":{"line":68,"column":64}},"68":{"start":{"line":69,"column":0},"end":{"line":69,"column":5}},"69":{"start":{"line":70,"column":0},"end":{"line":70,"column":3}},"70":{"start":{"line":71,"column":0},"end":{"line":71,"column":1}}},"s":{"3":1,"4":1,"15":1,"16":13,"17":13,"19":13,"20":13,"21":13,"22":13,"24":13,"25":14,"26":14,"27":14,"28":14,"30":14,"31":3,"33":3,"34":2,"35":2,"37":1,"38":1,"39":1,"40":1,"41":1,"42":1,"43":1,"44":1,"45":1,"47":1,"48":1,"49":1,"50":1,"52":11,"53":11,"54":11,"56":11,"57":11,"58":11,"59":11,"60":11,"61":11,"62":11,"63":11,"64":11,"66":11,"67":11,"68":11,"69":14,"70":13},"branchMap":{"0":{"type":"branch","line":16,"loc":{"start":{"line":16,"column":37},"end":{"line":71,"column":1}},"locations":[{"start":{"line":16,"column":37},"end":{"line":71,"column":1}}]},"1":{"type":"branch","line":20,"loc":{"start":{"line":20,"column":2},"end":{"line":23,"column":3}},"locations":[{"start":{"line":20,"column":2},"end":{"line":23,"column":3}}]},"2":{"type":"branch","line":25,"loc":{"start":{"line":25,"column":2},"end":{"line":70,"column":3}},"locations":[{"start":{"line":25,"column":2},"end":{"line":70,"column":3}}]},"3":{"type":"branch","line":31,"loc":{"start":{"line":31,"column":19},"end":{"line":51,"column":5}},"locations":[{"start":{"line":31,"column":19},"end":{"line":51,"column":5}}]},"4":{"type":"branch","line":34,"loc":{"start":{"line":34,"column":26},"end":{"line":51,"column":5}},"locations":[{"start":{"line":34,"column":26},"end":{"line":51,"column":5}}]},"5":{"type":"branch","line":36,"loc":{"start":{"line":36,"column":6},"end":{"line":51,"column":5}},"locations":[{"start":{"line":36,"column":6},"end":{"line":51,"column":5}}]},"6":{"type":"branch","line":51,"loc":{"start":{"line":51,"column":4},"end":{"line":69,"column":5}},"locations":[{"start":{"line":51,"column":4},"end":{"line":69,"column":5}}]}},"b":{"0":[13],"1":[13],"2":[14],"3":[3],"4":[2],"5":[1],"6":[11]},"fnMap":{"0":{"name":"<instance_members_initializer>","decl":{"start":{"line":16,"column":37},"end":{"line":71,"column":1}},"loc":{"start":{"line":16,"column":37},"end":{"line":71,"column":1}},"line":16},"1":{"name":"CreateUrlEncodedUseCase","decl":{"start":{"line":20,"column":2},"end":{"line":23,"column":3}},"loc":{"start":{"line":20,"column":2},"end":{"line":23,"column":3}},"line":20},"2":{"name":"execute","decl":{"start":{"line":25,"column":2},"end":{"line":70,"column":3}},"loc":{"start":{"line":25,"column":2},"end":{"line":70,"column":3}},"line":25}},"f":{"0":13,"1":13,"2":14}}
,"C:\\Users\\mathe\\Desktop\\Projects\\backend\\shortcut-url\\src\\use-cases\\find-url-original-by-short-url-use-case.ts": {"path":"C:\\Users\\mathe\\Desktop\\Projects\\backend\\shortcut-url\\src\\use-cases\\find-url-original-by-short-url-use-case.ts","all":false,"statementMap":{"2":{"start":{"line":3,"column":0},"end":{"line":3,"column":76}},"3":{"start":{"line":4,"column":0},"end":{"line":4,"column":71}},"4":{"start":{"line":5,"column":0},"end":{"line":5,"column":63}},"6":{"start":{"line":7,"column":0},"end":{"line":7,"column":47}},"7":{"start":{"line":8,"column":0},"end":{"line":8,"column":57}},"8":{"start":{"line":9,"column":0},"end":{"line":9,"column":47}},"10":{"start":{"line":11,"column":0},"end":{"line":11,"column":85}},"11":{"start":{"line":12,"column":0},"end":{"line":12,"column":48}},"12":{"start":{"line":13,"column":0},"end":{"line":13,"column":38}},"13":{"start":{"line":14,"column":0},"end":{"line":14,"column":3}},"15":{"start":{"line":16,"column":0},"end":{"line":16,"column":36}},"16":{"start":{"line":17,"column":0},"end":{"line":17,"column":77}},"18":{"start":{"line":19,"column":0},"end":{"line":19,"column":24}},"19":{"start":{"line":20,"column":0},"end":{"line":20,"column":40}},"20":{"start":{"line":21,"column":0},"end":{"line":21,"column":5}},"22":{"start":{"line":23,"column":0},"end":{"line":23,"column":62}},"23":{"start":{"line":24,"column":0},"end":{"line":24,"column":38}},"24":{"start":{"line":25,"column":0},"end":{"line":25,"column":5}},"26":{"start":{"line":27,"column":0},"end":{"line":27,"column":67}},"28":{"start":{"line":29,"column":0},"end":{"line":29,"column":15}},"29":{"start":{"line":30,"column":0},"end":{"line":30,"column":34}},"30":{"start":{"line":31,"column":0},"end":{"line":31,"column":5}},"32":{"start":{"line":33,"column":0},"end":{"line":33,"column":14}},"33":{"start":{"line":34,"column":0},"end":{"line":34,"column":3}},"34":{"start":{"line":35,"column":0},"end":{"line":35,"column":1}}},"s":{"2":1,"3":1,"4":1,"6":1,"7":7,"8":7,"10":7,"11":7,"12":7,"13":7,"15":7,"16":7,"18":7,"19":2,"20":2,"22":5,"23":2,"24":2,"26":3,"28":7,"29":1,"30":1,"32":2,"33":7,"34":7},"branchMap":{"0":{"type":"branch","line":7,"loc":{"start":{"line":7,"column":46},"end":{"line":35,"column":1}},"locations":[{"start":{"line":7,"column":46},"end":{"line":35,"column":1}}]},"1":{"type":"branch","line":11,"loc":{"start":{"line":11,"column":2},"end":{"line":14,"column":3}},"locations":[{"start":{"line":11,"column":2},"end":{"line":14,"column":3}}]},"2":{"type":"branch","line":16,"loc":{"start":{"line":16,"column":2},"end":{"line":34,"column":3}},"locations":[{"start":{"line":16,"column":2},"end":{"line":34,"column":3}}]},"3":{"type":"branch","line":19,"loc":{"start":{"line":19,"column":9},"end":{"line":19,"column":23}},"locations":[{"start":{"line":19,"column":9},"end":{"line":19,"column":23}}]},"4":{"type":"branch","line":19,"loc":{"start":{"line":19,"column":23},"end":{"line":21,"column":5}},"locations":[{"start":{"line":19,"column":23},"end":{"line":21,"column":5}}]},"5":{"type":"branch","line":21,"loc":{"start":{"line":21,"column":4},"end":{"line":29,"column":14}},"locations":[{"start":{"line":21,"column":4},"end":{"line":29,"column":14}}]},"6":{"type":"branch","line":23,"loc":{"start":{"line":23,"column":61},"end":{"line":25,"column":5}},"locations":[{"start":{"line":23,"column":61},"end":{"line":25,"column":5}}]},"7":{"type":"branch","line":25,"loc":{"start":{"line":25,"column":4},"end":{"line":29,"column":14}},"locations":[{"start":{"line":25,"column":4},"end":{"line":29,"column":14}}]},"8":{"type":"branch","line":29,"loc":{"start":{"line":29,"column":14},"end":{"line":33,"column":14}},"locations":[{"start":{"line":29,"column":14},"end":{"line":33,"column":14}}]},"9":{"type":"branch","line":29,"loc":{"start":{"line":29,"column":14},"end":{"line":31,"column":5}},"locations":[{"start":{"line":29,"column":14},"end":{"line":31,"column":5}}]},"10":{"type":"branch","line":31,"loc":{"start":{"line":31,"column":4},"end":{"line":33,"column":14}},"locations":[{"start":{"line":31,"column":4},"end":{"line":33,"column":14}}]}},"b":{"0":[7],"1":[7],"2":[7],"3":[5],"4":[2],"5":[5],"6":[2],"7":[3],"8":[4],"9":[1],"10":[2]},"fnMap":{"0":{"name":"<instance_members_initializer>","decl":{"start":{"line":7,"column":46},"end":{"line":35,"column":1}},"loc":{"start":{"line":7,"column":46},"end":{"line":35,"column":1}},"line":7},"1":{"name":"FindUrlOriginalByShortUrlUseCase","decl":{"start":{"line":11,"column":2},"end":{"line":14,"column":3}},"loc":{"start":{"line":11,"column":2},"end":{"line":14,"column":3}},"line":11},"2":{"name":"execute","decl":{"start":{"line":16,"column":2},"end":{"line":34,"column":3}},"loc":{"start":{"line":16,"column":2},"end":{"line":34,"column":3}},"line":16}},"f":{"0":7,"1":7,"2":7}}
,"C:\\Users\\mathe\\Desktop\\Projects\\backend\\shortcut-url\\src\\use-cases\\errors\\short-code-already-exists.error.ts": {"path":"C:\\Users\\mathe\\Desktop\\Projects\\backend\\shortcut-url\\src\\use-cases\\errors\\short-code-already-exists.error.ts","all":false,"statementMap":{"0":{"start":{"line":1,"column":0},"end":{"line":1,"column":56}},"1":{"start":{"line":2,"column":0},"end":{"line":2,"column":17}},"2":{"start":{"line":3,"column":0},"end":{"line":3,"column":38}},"3":{"start":{"line":4,"column":0},"end":{"line":4,"column":3}},"4":{"start":{"line":5,"column":0},"end":{"line":5,"column":1}}},"s":{"0":1,"1":1,"2":4,"3":4,"4":1},"branchMap":{"0":{"type":"branch","line":2,"loc":{"start":{"line":2,"column":2},"end":{"line":4,"column":3}},"locations":[{"start":{"line":2,"column":2},"end":{"line":4,"column":3}}]}},"b":{"0":[4]},"fnMap":{"0":{"name":"ShortCodeAlreadyExistsError","decl":{"start":{"line":2,"column":2},"end":{"line":4,"column":3}},"loc":{"start":{"line":2,"column":2},"end":{"line":4,"column":3}},"line":2}},"f":{"0":4}}
,"C:\\Users\\mathe\\Desktop\\Projects\\backend\\shortcut-url\\src\\use-cases\\errors\\short-code-not-found.error.ts": {"path":"C:\\Users\\mathe\\Desktop\\Projects\\backend\\shortcut-url\\src\\use-cases\\errors\\short-code-not-found.error.ts","all":false,"statementMap":{"0":{"start":{"line":1,"column":0},"end":{"line":1,"column":51}},"1":{"start":{"line":2,"column":0},"end":{"line":2,"column":17}},"2":{"start":{"line":3,"column":0},"end":{"line":3,"column":33}},"3":{"start":{"line":4,"column":0},"end":{"line":4,"column":3}},"4":{"start":{"line":5,"column":0},"end":{"line":5,"column":1}}},"s":{"0":1,"1":1,"2":5,"3":5,"4":1},"branchMap":{"0":{"type":"branch","line":2,"loc":{"start":{"line":2,"column":2},"end":{"line":4,"column":3}},"locations":[{"start":{"line":2,"column":2},"end":{"line":4,"column":3}}]}},"b":{"0":[5]},"fnMap":{"0":{"name":"ShortCodeNotFoundError","decl":{"start":{"line":2,"column":2},"end":{"line":4,"column":3}},"loc":{"start":{"line":2,"column":2},"end":{"line":4,"column":3}},"line":2}},"f":{"0":5}}
,"C:\\Users\\mathe\\Desktop\\Projects\\backend\\shortcut-url\\src\\use-cases\\errors\\short-url-expired.error.ts": {"path":"C:\\Users\\mathe\\Desktop\\Projects\\backend\\shortcut-url\\src\\use-cases\\errors\\short-url-expired.error.ts","all":false,"statementMap":{"0":{"start":{"line":1,"column":0},"end":{"line":1,"column":49}},"1":{"start":{"line":2,"column":0},"end":{"line":2,"column":17}},"2":{"start":{"line":3,"column":0},"end":{"line":3,"column":30}},"3":{"start":{"line":4,"column":0},"end":{"line":4,"column":3}},"4":{"start":{"line":5,"column":0},"end":{"line":5,"column":1}}},"s":{"0":1,"1":1,"2":4,"3":4,"4":1},"branchMap":{"0":{"type":"branch","line":2,"loc":{"start":{"line":2,"column":2},"end":{"line":4,"column":3}},"locations":[{"start":{"line":2,"column":2},"end":{"line":4,"column":3}}]}},"b":{"0":[4]},"fnMap":{"0":{"name":"ShortUrlExpiredError","decl":{"start":{"line":2,"column":2},"end":{"line":4,"column":3}},"loc":{"start":{"line":2,"column":2},"end":{"line":4,"column":3}},"line":2}},"f":{"0":4}}
,"C:\\Users\\mathe\\Desktop\\Projects\\backend\\shortcut-url\\src\\use-cases\\errors\\url-not-found.error.ts": {"path":"C:\\Users\\mathe\\Desktop\\Projects\\backend\\shortcut-url\\src\\use-cases\\errors\\url-not-found.error.ts","all":false,"statementMap":{"0":{"start":{"line":1,"column":0},"end":{"line":1,"column":45}},"1":{"start":{"line":2,"column":0},"end":{"line":2,"column":17}},"2":{"start":{"line":3,"column":0},"end":{"line":3,"column":26}},"3":{"start":{"line":4,"column":0},"end":{"line":4,"column":3}},"4":{"start":{"line":5,"column":0},"end":{"line":5,"column":1}}},"s":{"0":1,"1":1,"2":2,"3":2,"4":1},"branchMap":{"0":{"type":"branch","line":2,"loc":{"start":{"line":2,"column":2},"end":{"line":4,"column":3}},"locations":[{"start":{"line":2,"column":2},"end":{"line":4,"column":3}}]}},"b":{"0":[2]},"fnMap":{"0":{"name":"UrlNotFoundError","decl":{"start":{"line":2,"column":2},"end":{"line":4,"column":3}},"loc":{"start":{"line":2,"column":2},"end":{"line":4,"column":3}},"line":2}},"f":{"0":2}}
}
